<?xml version="1.0" encoding="utf-8"?>
<?AutomationStudio Version=3.0?>
<Transfer xmlns="http://br-automation.co.at/AS/Transfer">
  <OperatingSystem Version="B4.91"/>
  <Hardware Target="SG4"/>
  <Operation Delete="Poruchy_Si.br"/>
  <Operation Delete="Komunikaci.br"/>
  <Operation Delete="Main.br"/>
  <Operation Delete="Oddelovac.br"/>
  <Operation Delete="VystupnyMa.br"/>
  <Operation Delete="StanicaRaz.br"/>
  <Operation Delete="VystupnyOd.br"/>
  <Operation Delete="Blikanie5s.br"/>
  <Operation Delete="Blikanie1s.br"/>
  <Operation Delete="Blikanie50.br"/>
  <Operation Delete="ZdvihRotor.br"/>
  <Operation Delete="Blikanie20.br"/>
  <Operation Delete="OtocnyStol.br"/>
  <Operation Delete="Blikanie1.br"/>
  <Operation Delete="Blikanie10.br"/>
  <Operation Delete="RiadenieMe.br"/>
  <Operation Delete="StanicaMer.br"/>
  <Operation Delete="StanicaVal.br"/>
  <Operation Delete="StanicaStr.br"/>
  <Operation Delete="StanicaVa1.br"/>
  <Operation Delete="Serva_Prir.br"/>
  <Operation Delete="RiadenieSe.br"/>
  <Operation Delete="VstupnyMan.br"/>
  <Operation Delete="RychleDeje.br"/>
  <Operation Delete="Visu.br"/>
  <Operation Delete="MpRecipe.br"/>
  <Operation Delete="AsSafety.br"/>
  <Operation Delete="vccline.br"/>
  <Operation Delete="vccovl.br"/>
  <Operation Delete="vcdsint.br"/>
  <Operation Delete="vccbar.br"/>
  <Operation Delete="vcclbox.br"/>
  <Operation Delete="vcctext.br"/>
  <Operation Delete="vcrt.br"/>
  <Operation Delete="vcpfppc7.br"/>
  <Operation Delete="vccstr.br"/>
  <Operation Delete="vccbmp.br"/>
  <Operation Delete="vcpk.br"/>
  <Operation Delete="vcpdsw.br"/>
  <Operation Delete="vccdt.br"/>
  <Operation Delete="vcptelo.br"/>
  <Operation Delete="vcalarm.br"/>
  <Operation Delete="vccshape.br"/>
  <Operation Delete="vccalarm.br"/>
  <Operation Delete="vcfntttf.br"/>
  <Operation Delete="vcbclass.br"/>
  <Operation Delete="vcdsloc.br"/>
  <Operation Delete="vctcal.br"/>
  <Operation Delete="vccnum.br"/>
  <Operation Delete="vcfile.br"/>
  <Operation Delete="vcmgr.br"/>
  <Operation Delete="vccbtn.br"/>
  <Operation Delete="AsIOAcc.br"/>
  <Operation Delete="AsEPL.br"/>
  <Operation Delete="AxisLib.br"/>
  <Operation Delete="SC.br"/>
  <Operation Delete="vcshared.br"/>
  <Operation Delete="arialbd.br"/>
  <Operation Delete="arial.br"/>
  <Operation Delete="Visu03.br"/>
  <Operation Delete="Visu02.br"/>
  <Operation Delete="Visu01.br"/>
  <Operation Delete="MpBase.br"/>
  <Operation Delete="IecCheck.br"/>
  <Operation Delete="asieccon.br"/>
  <Operation Delete="DataObj.br"/>
  <Operation Delete="vcgclass.br"/>
  <Operation Delete="vcpdi855.br"/>
  <Operation Delete="vcpdihd.br"/>
  <Operation Delete="vcpdi815.br"/>
  <Operation Delete="Acp10_MC.br"/>
  <Operation Delete="sys_lib.br"/>
  <Operation Delete="brsystem.br"/>
  <Operation Delete="Acp10man.br"/>
  <Operation Delete="FileIO.br"/>
  <Operation Delete="astime.br"/>
  <Operation Download="ashwd.br" Memory="SystemROM"/>
  <Operation Download="asfw.br" Memory="SystemROM"/>
  <Operation Download="arconfig.br" Memory="SystemROM"/>
  <Operation Download="sysconf.br" Memory="SystemROM"/>
  <Operation Restart="warm"/>
  <Operation Download="acp10cfg.br" Memory="UserROM"/>
  <Operation Download="Acp10map.br" Memory="UserROM"/>
  <Operation Download="NcGlobal.br" Memory="UserROM"/>
  <Operation Download="vcresman.br" Memory="UserROM"/>
  <Operation Download="powerlnk.br" Memory="UserROM"/>
  <Operation Download="Acp10par.br" Memory="UserROM"/>
  <Operation Download="runtime.br" Memory="UserROM"/>
  <Operation Download="astime.br" Memory="UserROM"/>
  <Operation Download="FileIO.br" Memory="UserROM"/>
  <Operation Download="Acp10man.br" Memory="UserROM"/>
  <Operation Download="brsystem.br" Memory="UserROM"/>
  <Operation Download="sys_lib.br" Memory="UserROM"/>
  <Operation Download="Acp10_MC.br" Memory="UserROM"/>
  <Operation Download="vcpdi815.br" Memory="UserROM"/>
  <Operation Download="vcpdihd.br" Memory="UserROM"/>
  <Operation Download="vcpdi855.br" Memory="UserROM"/>
  <Operation Download="Acp10sys.br" Memory="UserROM"/>
  <Operation Download="acp10etxen.br" Memory="UserROM"/>
  <Operation Download="gAxis01a.br" Memory="UserROM"/>
  <Operation Download="gAxis01i.br" Memory="UserROM"/>
  <Operation Download="gAxis02a.br" Memory="UserROM"/>
  <Operation Download="gAxis02i.br" Memory="UserROM"/>
  <Operation Download="gAxis03a.br" Memory="UserROM"/>
  <Operation Download="gAxis03i.br" Memory="UserROM"/>
  <Operation Download="gAxis04a.br" Memory="UserROM"/>
  <Operation Download="gAxis04i.br" Memory="UserROM"/>
  <Operation Restart="warm"/>
  <Operation Download="AsXml.br" Memory="UserROM"/>
  <Operation Download="standard.br" Memory="UserROM"/>
  <Operation Download="vcgclass.br" Memory="UserROM"/>
  <Operation Download="DataObj.br" Memory="UserROM"/>
  <Operation Download="asieccon.br" Memory="UserROM"/>
  <Operation Download="AsBrStr.br" Memory="UserROM"/>
  <Operation Download="IecCheck.br" Memory="UserROM"/>
  <Operation Download="arsvcreg.br" Memory="UserROM"/>
  <Operation Download="MpBase.br" Memory="UserROM"/>
  <Operation Download="Visu01.br" Memory="UserROM"/>
  <Operation Download="Visu02.br" Memory="UserROM"/>
  <Operation Download="Visu03.br" Memory="UserROM"/>
  <Operation Download="arial.br" Memory="UserROM"/>
  <Operation Download="arialbd.br" Memory="UserROM"/>
  <Operation Download="vcshared.br" Memory="UserROM"/>
  <Operation Download="SC.br" Memory="UserROM"/>
  <Operation Download="AxisLib.br" Memory="UserROM"/>
  <Operation Download="AsEPL.br" Memory="UserROM"/>
  <Operation Download="AsIOAcc.br" Memory="UserROM"/>
  <Operation Download="udbdef.br" Memory="UserROM"/>
  <Operation Download="TCData.br" Memory="SystemROM"/>
  <Operation Download="vccbtn.br" Memory="UserROM"/>
  <Operation Download="vcmgr.br" Memory="UserROM"/>
  <Operation Download="vcfile.br" Memory="UserROM"/>
  <Operation Download="vccnum.br" Memory="UserROM"/>
  <Operation Download="vctcal.br" Memory="UserROM"/>
  <Operation Download="vcdsloc.br" Memory="UserROM"/>
  <Operation Download="vcbclass.br" Memory="UserROM"/>
  <Operation Download="vcfntttf.br" Memory="UserROM"/>
  <Operation Download="vccalarm.br" Memory="UserROM"/>
  <Operation Download="vccshape.br" Memory="UserROM"/>
  <Operation Download="vcalarm.br" Memory="UserROM"/>
  <Operation Download="vcptelo.br" Memory="UserROM"/>
  <Operation Download="vccdt.br" Memory="UserROM"/>
  <Operation Download="vcpdsw.br" Memory="UserROM"/>
  <Operation Download="vcpk.br" Memory="UserROM"/>
  <Operation Download="vccbmp.br" Memory="UserROM"/>
  <Operation Download="vccstr.br" Memory="UserROM"/>
  <Operation Download="vcpfppc7.br" Memory="UserROM"/>
  <Operation Download="vcrt.br" Memory="UserROM"/>
  <Operation Download="vcctext.br" Memory="UserROM"/>
  <Operation Download="vcclbox.br" Memory="UserROM"/>
  <Operation Download="vccbar.br" Memory="UserROM"/>
  <Operation Download="vcdsint.br" Memory="UserROM"/>
  <Operation Download="vccovl.br" Memory="UserROM"/>
  <Operation Download="vccline.br" Memory="UserROM"/>
  <Operation Download="iomap.br" Memory="UserROM"/>
  <Operation Download="Role.br" Memory="UserROM"/>
  <Operation Download="ashwac.br" Memory="UserROM"/>
  <Operation Download="Config_1.br" Memory="UserROM"/>
  <Operation Download="Config.br" Memory="UserROM"/>
  <Operation Download="User.br" Memory="UserROM"/>
  <Operation Download="AsSafety.br" Memory="UserROM"/>
  <Operation Download="MpRecipe.br" Memory="UserROM"/>
  <Operation Download="assl1.br" Memory="UserROM"/>
  <Operation Download="Visu.br" Memory="UserROM"/>
  <Operation Download="RychleDeje.br" Memory="UserROM"/>
  <Operation Download="VstupnyMan.br" Memory="UserROM"/>
  <Operation Download="RiadenieSe.br" Memory="UserROM"/>
  <Operation Download="Serva_Prir.br" Memory="UserROM"/>
  <Operation Download="StanicaVa1.br" Memory="UserROM"/>
  <Operation Download="StanicaStr.br" Memory="UserROM"/>
  <Operation Download="StanicaVal.br" Memory="UserROM"/>
  <Operation Download="StanicaMer.br" Memory="UserROM"/>
  <Operation Download="RiadenieMe.br" Memory="UserROM"/>
  <Operation Download="Blikanie10.br" Memory="UserROM"/>
  <Operation Download="Blikanie1.br" Memory="UserROM"/>
  <Operation Download="OtocnyStol.br" Memory="UserROM"/>
  <Operation Download="Blikanie20.br" Memory="UserROM"/>
  <Operation Download="ZdvihRotor.br" Memory="UserROM"/>
  <Operation Download="Blikanie50.br" Memory="UserROM"/>
  <Operation Download="Blikanie1s.br" Memory="UserROM"/>
  <Operation Download="Blikanie5s.br" Memory="UserROM"/>
  <Operation Download="VystupnyOd.br" Memory="UserROM"/>
  <Operation Download="StanicaRaz.br" Memory="UserROM"/>
  <Operation Download="VystupnyMa.br" Memory="UserROM"/>
  <Operation Download="Oddelovac.br" Memory="UserROM"/>
  <Operation Download="Main.br" Memory="UserROM"/>
  <Operation Download="Komunikaci.br" Memory="UserROM"/>
  <Operation Download="Poruchy_Si.br" Memory="UserROM"/>
</Transfer>